
Started Import Process
# System Details: 
Debug Mode 		: Disabled
Operating System 	: Linux
Software 		: Apache
MySQL version 		: 10.6.18
XML Reader 		: Yes
PHP Version 		: 8.1.34
PHP Max Input Vars 	: 2500
PHP Max Post Size 	: 128M
PHP Extension GD 	: Yes
PHP Max Execution Time 	: 300
Max Upload Size 	: 128 MB
Memory Limit 		: Current memory limit 40M. We recommend setting memory to at least 64M.
Timezone 		: Europe/London

-----

Importing Started! - 20:44:33 UTC
---

WHY IMPORT PROCESS CAN FAIL? READ THIS - 
https://wpastra.com/docs/?p=1314&utm_source=demo-import-panel&utm_campaign=import-error&utm_medium=wp-dashboard

---
